"../../../../../../Users/MetalCat/Documents/Unreal Projects/USCPCB/Content/SFX/Step/Step1.uasset" 0
"../../../../../../Users/MetalCat/Documents/Unreal Projects/USCPCB/Content/SFX/Step/Step2.uasset" 1
"../../../../../../Users/MetalCat/Documents/Unreal Projects/USCPCB/Content/SFX/Step/Step3.uasset" 2
"../../../../../../Users/MetalCat/Documents/Unreal Projects/USCPCB/Content/SFX/Step/Step4.uasset" 3
"../../../../../../Users/MetalCat/Documents/Unreal Projects/USCPCB/Content/SFX/Step/Step5.uasset" 4
"../../../Engine/Content/Animation/DefaultAnimCurveCompressionSettings.uasset" 5
"../../../Engine/Content/Functions/Engine_MaterialFunctions01/Opacity/CameraDepthFade.uasset" 6
"../../../Engine/Content/EngineMaterials/T_Default_Material_Grid_M.uasset" 7
"../../../Engine/Content/EngineMaterials/T_Default_Material_Grid_N.uasset" 8
"../../../Engine/Content/EngineMaterials/WorldGridMaterial.uasset" 9
"../../../Engine/Content/ArtTools/RenderToTexture/Meshes/S_1_Unit_Plane.uasset" 10
"../../../Engine/Content/EngineMaterials/DefaultMaterial.uasset" 11
"../../../Engine/Content/BasicShapes/Cone.uasset" 12
"../../../Engine/Content/BasicShapes/Cube.uasset" 13
"../../../Engine/Content/BasicShapes/Cylinder.uasset" 14
"../../../Engine/Content/BasicShapes/Plane.uasset" 15
"../../../Engine/Content/BasicShapes/Sphere.uasset" 16
"../../../Engine/Content/EditorLandscapeResources/DataLayer.uasset" 17
"../../../Engine/Content/EditorMaterials/MAT_Groups_Toggle.uasset" 18
"../../../Engine/Content/EditorMaterials/MAT_Groups_Visibility.uasset" 19
"../../../Engine/Content/EditorMaterials/PreviewShadowIndicator.uasset" 20
"../../../Engine/Content/EditorMaterials/PreviewShadowIndicatorMaterial.uasset" 21
"../../../Engine/Content/EditorMaterials/MatineeGroups/MAT_ColorTrack.uasset" 22
"../../../Engine/Content/EditorMaterials/MatineeGroups/MAT_Groups_Anim.uasset" 23
"../../../Engine/Content/EditorMaterials/MatineeGroups/MAT_Groups_AudioMaster.uasset" 24
"../../../Engine/Content/EditorMaterials/MatineeGroups/MAT_Groups_Director.uasset" 25
"../../../Engine/Content/EditorMaterials/MatineeGroups/MAT_Groups_Event.uasset" 26
"../../../Engine/Content/EditorMaterials/MatineeGroups/MAT_Groups_Fade.uasset" 27
"../../../Engine/Content/EditorMaterials/MatineeGroups/MAT_Groups_Float.uasset" 28
"../../../Engine/Content/EditorMaterials/MatineeGroups/MAT_Groups_Move.uasset" 29
"../../../Engine/Content/EditorMaterials/MatineeGroups/MAT_Groups_Slomo.uasset" 30
"../../../Engine/Content/EditorMaterials/MatineeGroups/MAT_Groups_Sound.uasset" 31
"../../../Engine/Content/EditorMaterials/MatineeGroups/MAT_Groups_Vector.uasset" 32
"../../../Engine/Content/EditorMaterials/ParticleSystems/PSysThumbnail_NoImage.uasset" 33
"../../../Engine/Content/EditorMaterials/ParticleSystems/PSysThumbnail_OOD.uasset" 34
"../../../Engine/Content/EditorMaterials/Camera/CineMat.uasset" 35
"../../../Engine/Content/EditorMaterials/Camera/MI_CineMat_Rig.uasset" 36
"../../../Engine/Content/EditorMeshes/Camera/SM_CraneRig_Arm.uasset" 37
"../../../Engine/Content/EditorMeshes/Camera/SM_CraneRig_Base.uasset" 38
"../../../Engine/Content/EditorMeshes/Camera/SM_CraneRig_Body.uasset" 39
"../../../Engine/Content/EditorMeshes/Camera/SM_CraneRig_Mount.uasset" 40
"../../../Engine/Content/EditorMeshes/Camera/SM_RailRig_Mount.uasset" 41
"../../../Engine/Content/EditorMeshes/Camera/SM_RailRig_Track.uasset" 42
"../../../Engine/Content/EditorResources/BSPVertex.uasset" 43
"../../../Engine/Content/EditorResources/EmptyActor.uasset" 44
"../../../Engine/Content/EditorResources/S_Actor.uasset" 45
"../../../Engine/Content/EditorResources/S_Note.uasset" 46
"../../../Engine/Content/EditorResources/S_Solver.uasset" 47
"../../../Engine/Content/EditorResources/S_Trigger.uasset" 48
"../../../Engine/Content/EditorResources/AudioIcons/S_AudioComponent_AutoActivate.uasset" 49
"../../../Engine/Content/EditorResources/SequenceRecorder/Countdown.uasset" 50
"../../../Engine/Content/EditorResources/SequenceRecorder/RecordingIndicator.uasset" 51
"../../../Engine/Content/EditorSounds/Notifications/CompileFailed.uasset" 52
"../../../Engine/Content/EditorSounds/Notifications/CompileFailed_Cue.uasset" 53
"../../../Engine/Content/EditorSounds/Notifications/CompileSuccess.uasset" 54
"../../../Engine/Content/EditorSounds/Notifications/CompileStart_Cue.uasset" 55
"../../../Engine/Content/EditorSounds/Notifications/CompileSuccess_Cue.uasset" 56
"../../../Engine/Content/EngineDamageTypes/DmgTypeBP_Environmental.uasset" 57
"../../../Engine/Content/EngineDebugMaterials/DebugEditorMaterial.uasset" 58
"../../../Engine/Content/EngineDebugMaterials/DebugMeshMaterial.uasset" 59
"../../../Engine/Content/EngineDebugMaterials/M_SimpleUnlitTranslucent.uasset" 60
"../../../Engine/Content/Functions/Engine_MaterialFunctions02/Utility/CameraDirectionVector.uasset" 61
"../../../Engine/Content/EngineDebugMaterials/VolumeToRender.uasset" 62
"../../../Engine/Content/EngineDebugMaterials/M_VolumeRenderSphereTracePP.uasset" 63
"../../../Engine/Content/EngineDebugMaterials/WireframeMaterial.uasset" 64
"../../../Engine/Content/EngineFonts/Faces/DroidSansFallback.uasset" 65
"../../../Engine/Content/EngineFonts/Faces/RobotoBold.uasset" 66
"../../../Engine/Content/EngineFonts/Faces/RobotoBoldItalic.uasset" 67
"../../../Engine/Content/EngineFonts/Faces/RobotoItalic.uasset" 68
"../../../Engine/Content/EngineFonts/Faces/RobotoLight.uasset" 69
"../../../Engine/Content/EngineFonts/Faces/RobotoRegular.uasset" 70
"../../../Engine/Content/EngineFonts/Roboto.uasset" 71
"../../../Engine/Content/EngineMaterials/BaseFlattenDiffuseMap.uasset" 72
"../../../Engine/Content/EngineMaterials/BaseFlattenEmissiveMap.uasset" 73
"../../../Engine/Content/EngineMaterials/BaseFlattenGrayscaleMap.uasset" 74
"../../../Engine/Content/EngineMaterials/BaseFlattenNormalMap.uasset" 75
"../../../Engine/Content/EngineMaterials/BaseFlattenMaterial.uasset" 76
"../../../Engine/Content/EngineMaterials/BlueNoise.uasset" 77
"../../../Engine/Content/EngineMaterials/DefaultBloomKernel.uasset" 78
"../../../Engine/Content/EngineMaterials/DefaultBokeh.uasset" 79
"../../../Engine/Content/EngineMaterials/DefaultDiffuse.uasset" 80
"../../../Engine/Content/EngineMaterials/DefaultDeferredDecalMaterial.uasset" 81
"../../../Engine/Content/EngineMaterials/DefaultLightFunctionMaterial.uasset" 82
"../../../Engine/Content/EngineMaterials/DefaultPhysicalMaterial.uasset" 83
"../../../Engine/Content/Functions/Engine_MaterialFunctions02/Utility/BreakOutFloat2Components.uasset" 84
"../../../Engine/Content/EngineMaterials/DefaultPostProcessMaterial.uasset" 85
"../../../Engine/Content/EngineFonts/RobotoDistanceField.uasset" 86
"../../../Engine/Content/EngineMaterials/DefaultTextMaterialOpaque.uasset" 87
"../../../Engine/Content/EngineMaterials/DefaultWhiteGrid.uasset" 88
"../../../Engine/Content/EngineMaterials/DefaultWhiteGrid_Low.uasset" 89
"../../../Engine/Content/EngineMaterials/EmissiveMeshMaterial.uasset" 90
"../../../Engine/Content/EngineMaterials/GizmoMaterial.uasset" 91
"../../../Engine/Content/EngineMaterials/MiniFont.uasset" 92
"../../../Engine/Content/EngineMaterials/InvalidLightmapSettings.uasset" 93
"../../../Engine/Content/EngineMaterials/M_InvalidLightmapSettings.uasset" 94
"../../../Engine/Content/Functions/Engine_MaterialFunctions02/WorldPositionOffset/CameraOffset.uasset" 95
"../../../Engine/Content/EngineMaterials/PhAT_JointLimitMaterial.uasset" 96
"../../../Engine/Content/EngineMaterials/PreintegratedSkinBRDF.uasset" 97
"../../../Engine/Content/EngineMaterials/RemoveSurfaceMaterial.uasset" 98
"../../../Engine/Content/EngineMaterials/WeightMapPlaceholderTexture.uasset" 99
"../../../Engine/Content/EngineResources/WhiteSquareTexture.uasset" 100
"../../../Engine/Content/EngineMaterials/Widget3DPassThrough.uasset" 101
"../../../Engine/Content/EngineMaterials/Widget3DPassThrough_Masked.uasset" 102
"../../../Engine/Content/EngineMaterials/Widget3DPassThrough_Opaque.uasset" 103
"../../../Engine/Content/EngineMaterials/Widget3DPassThrough_Masked_OneSided.uasset" 104
"../../../Engine/Content/EngineMaterials/Widget3DPassThrough_Opaque_OneSided.uasset" 105
"../../../Engine/Content/EngineMaterials/Widget3DPassThrough_Translucent.uasset" 106
"../../../Engine/Content/EngineMaterials/Widget3DPassThrough_Translucent_OneSided.uasset" 107
"../../../Engine/Content/EngineMeshes/Cylinder.uasset" 108
"../../../Engine/Content/EngineMeshes/Sphere.uasset" 109
"../../../Engine/Content/EngineResources/Black.uasset" 110
"../../../Engine/Content/EngineResources/DefaultTexture.uasset" 111
"../../../Engine/Content/EngineResources/DefaultTextureCube.uasset" 112
"../../../Engine/Content/EngineResources/DefaultVolumeTexture2D.uasset" 113
"../../../Engine/Content/EngineResources/DefaultVolumeTexture.uasset" 114
"../../../Engine/Content/EngineResources/GradientTexture0.uasset" 115
"../../../Engine/Content/EngineSounds/Master.uasset" 116
"../../../Engine/Content/Functions/Engine_MaterialFunctions01/Shading/ConvertFromDiffSpec.uasset" 117
"../../../Engine/Content/Functions/Engine_MaterialFunctions01/Shading/PowerToRoughness.uasset" 118
"../../../Engine/Content/Maps/Templates/Thumbnails/Default.uasset" 119
"../../../Engine/Content/Maps/Templates/Thumbnails/TimeOfDay.uasset" 120
"../../../Engine/Content/Maps/Templates/Thumbnails/VR-Basic.uasset" 121
"../../../Engine/Content/MobileResources/T_MobileControls_texture.uasset" 122
"../../../Engine/Content/MobileResources/T_MobileMenu2.uasset" 123
"../../../Engine/Content/MobileResources/HUD/AnalogHat.uasset" 124
"../../../Engine/Content/MobileResources/HUD/VirtualJoystick_Background.uasset" 125
"../../../Engine/Content/MobileResources/HUD/VirtualJoystick_Thumb.uasset" 126
"../../../Engine/Content/MobileResources/HUD/DefaultVirtualJoysticks.uasset" 127
"../../../Engine/Content/MobileResources/HUD/LeftVirtualJoystickOnly.uasset" 128
"../../../Engine/Content/MobileResources/HUD/MobileHUDButton1_off.uasset" 129
"../../../Engine/Content/MobileResources/HUD/MobileHUDButton1_on.uasset" 130
"../../../Engine/Content/MobileResources/HUD/MobileHUDButton2_off.uasset" 131
"../../../Engine/Content/MobileResources/HUD/MobileHUDButton2_on.uasset" 132
"../../../Engine/Content/MobileResources/HUD/MobileHUDButton3.uasset" 133
"../../../Engine/Content/MobileResources/HUD/MobileHUDButtonFire.uasset" 134
"../../../Engine/Content/MobileResources/HUD/MobileHUDDirectionPad.uasset" 135
"../../../Engine/Content/MobileResources/HUD/MobileHUDDirectionPad2.uasset" 136
"../../../Engine/Content/MobileResources/HUD/MobileHUDDirectionPad3.uasset" 137
"../../../Engine/Content/MobileResources/HUD/MobileHUDDirectionStick.uasset" 138
"../../../Engine/Content/MobileResources/HUD/T_Castle_ThumbstickInner.uasset" 139
"../../../Engine/Content/MobileResources/HUD/T_Castle_ThumbstickOutter.uasset" 140
"../../../Engine/Content/Tutorial/ContentIntroCurve.uasset" 141
"../../../Engine/Content/Tutorial/Basics/LevelEditorAttract.uasset" 142
"../../../Engine/Content/Tutorial/Basics/TutorialAssets/icon_tab_Levels_40x.uasset" 143
"../../../Engine/Content/Tutorial/Basics/LevelEditorOverview.uasset" 144
"../../../Engine/Content/Tutorial/BlueprintTutorials/TutorialAssets/Blueprint_64x.uasset" 145
"../../../Engine/Content/Tutorial/BlueprintTutorials/BlueprintEditorTutorial.uasset" 146
"../../../Engine/Content/Tutorial/SubEditors/GettingSubstance.uasset" 147
"../../../Engine/Content/VREditor/LaserPointer/VR_LaserPower_01.uasset" 148
"../../../Engine/Content/VREditor/TransformGizmo/TransformGizmoMaterial.uasset" 149
"../../../Engine/Content/VREditor/TransformGizmo/TranslucentTransformGizmoMaterial.uasset" 150
"../../../Engine/Content/VREditor/TransformGizmo/BoundingBoxCorner.uasset" 151
"../../../Engine/Content/VREditor/TransformGizmo/BoundingBoxEdge.uasset" 152
"../../../Engine/Content/VREditor/TransformGizmo/PlaneTranslationHandle.uasset" 153
"../../../Engine/Content/VREditor/TransformGizmo/Main.uasset" 154
"../../../Engine/Content/VREditor/TransformGizmo/Xray.uasset" 155
"../../../Engine/Content/VREditor/TransformGizmo/SM_Sequencer_Key.uasset" 156
"../../../Engine/Content/VREditor/TransformGizmo/SM_Sequencer_Node.uasset" 157
"../../Plugins/2D/Paper2D/Content/PlaceholderTextures/DummySpriteTexture.uasset" 158
"../../Plugins/2D/Paper2D/Content/DummySprite.uasset" 159
"../../Plugins/2D/Paper2D/Content/DefaultPaperTerrainMaterial.uasset" 160
"../../Plugins/2D/Paper2D/Content/DefaultSpriteMaterial.uasset" 161
"../../Plugins/2D/Paper2D/Content/MaskedUnlitSpriteMaterial.uasset" 162
"../../Plugins/2D/Paper2D/Content/OpaqueUnlitSpriteMaterial.uasset" 163
"../../Plugins/FX/Niagara/Content/Enums/ENiagaraBooleanLogicOps.uasset" 164
"../../Plugins/FX/Niagara/Content/Enums/ENiagaraCoordinateSpace.uasset" 165
"../../Plugins/FX/Niagara/Content/Enums/ENiagaraExpansionMode.uasset" 166
"../../Plugins/FX/Niagara/Content/Enums/ENiagaraOrientationAxis.uasset" 167
"../../Plugins/FX/Niagara/Content/Enums/ENiagaraRandomnessMode.uasset" 168
"../../../Engine/Content/Functions/Engine_MaterialFunctions02/Utility/BreakOutFloat4Components.uasset" 169
"../../../Engine/Content/Functions/Engine_MaterialFunctions02/Utility/MakeFloat2.uasset" 170
"../../../Engine/Content/Functions/Engine_MaterialFunctions02/Utility/MakeFloat3.uasset" 171
"../../Plugins/Runtime/Oculus/OculusVR/Content/Materials/OculusMR_ChromaKey.uasset" 172
"../../Plugins/Runtime/Oculus/OculusVR/Content/Materials/OculusMR_ChromaKey_Lit.uasset" 173
"../../Plugins/Runtime/Oculus/OculusVR/Content/Materials/OculusMR_OpaqueColoredMaterial.uasset" 174
"../../Plugins/Runtime/Oculus/OculusVR/Content/Materials/OculusMR_WhiteMaterial.uasset" 175
"../../../../../../Users/MetalCat/Documents/Unreal Projects/USCPCB/Content/Blueprints/BFF_CommomFunctions.uasset" 176
"../../../Engine/Content/EditorBlueprintResources/StandardMacros.uasset" 177
"../../../../../../Users/MetalCat/Documents/Unreal Projects/USCPCB/Content/LUA_BP/BPF_LUAHelpers.uasset" 178
"../../../../../../Users/MetalCat/Documents/Unreal Projects/USCPCB/Content/Blueprints/I_Interactions.uasset" 179
"../../../../../../Users/MetalCat/Documents/Unreal Projects/USCPCB/Content/LuaCode/Button.uasset" 180
"../../../../../../Users/MetalCat/Documents/Unreal Projects/USCPCB/Content/models/hl2/combine_button/combine_button01_texture.uasset" 181
"../../../../../../Users/MetalCat/Documents/Unreal Projects/USCPCB/Content/models/hl2/combine_button/combine_button01.uasset" 182
"../../../../../../Users/MetalCat/Documents/Unreal Projects/USCPCB/Content/models/hl2/combine_button/combine_button_CombineButton_reference.uasset" 183
"../../../../../../Users/MetalCat/Documents/Unreal Projects/USCPCB/Content/Blueprints/Button/BP_ButtonBase.uasset" 184
"../../../../../../Users/MetalCat/Documents/Unreal Projects/USCPCB/Content/LUA_BP/Packages/BPP_Actor.uasset" 185
"../../../../../../Users/MetalCat/Documents/Unreal Projects/USCPCB/Content/LUA_BP/Packages/BPP_Casts.uasset" 186
"../../../../../../Users/MetalCat/Documents/Unreal Projects/USCPCB/Content/LUA_BP/Packages/BPP_LuaRotator.uasset" 187
"../../../../../../Users/MetalCat/Documents/Unreal Projects/USCPCB/Content/LUA_BP/Packages/BPP_LuaVector.uasset" 188
"../../../../../../Users/MetalCat/Documents/Unreal Projects/USCPCB/Content/LUA_BP/Packages/BPP_Player.uasset" 189
"../../../../../../Users/MetalCat/Documents/Unreal Projects/USCPCB/Content/LUA_BP/LS_BaseState.uasset" 190
"../../../../../../Users/MetalCat/Documents/Unreal Projects/USCPCB/Content/Blueprints/Button/LS_Button.uasset" 191
"../../../../../../Users/MetalCat/Documents/Unreal Projects/USCPCB/Content/Blueprints/BP_LuaActorBase.uasset" 192
"../../../../../../Users/MetalCat/Documents/Unreal Projects/USCPCB/Content/Blueprints/Player/LS_SCPPlayer.uasset" 193
"../../../../../../Users/MetalCat/Documents/Unreal Projects/USCPCB/Content/Blueprints/Player/ScreenShake/BP_Headbob.uasset" 194
"../../../../../../Users/MetalCat/Documents/Unreal Projects/USCPCB/Content/Blueprints/Inventory/S_Item.uasset" 195
"../../../../../../Users/MetalCat/Documents/Unreal Projects/USCPCB/Content/Blueprints/Inventory/DT_Items.uasset" 196
"../../../../../../Users/MetalCat/Documents/Unreal Projects/USCPCB/Content/LuaCode/Player.uasset" 197
"../../../../../../Users/MetalCat/Documents/Unreal Projects/USCPCB/Content/Blueprints/UI/UMG_HUD.uasset" 198
"../../../../../../Users/MetalCat/Documents/Unreal Projects/USCPCB/Content/Customized_Soldier/Textures/Body/T_Body_Albedo06.uasset" 199
"../../../../../../Users/MetalCat/Documents/Unreal Projects/USCPCB/Content/Customized_Soldier/Textures/Body/T_Body_Ao.uasset" 200
"../../../../../../Users/MetalCat/Documents/Unreal Projects/USCPCB/Content/Customized_Soldier/Textures/Body/T_Body_Metallic.uasset" 201
"../../../../../../Users/MetalCat/Documents/Unreal Projects/USCPCB/Content/Customized_Soldier/Textures/Body/T_Body_Normals.uasset" 202
"../../../../../../Users/MetalCat/Documents/Unreal Projects/USCPCB/Content/Customized_Soldier/Materials/MAT_Body_6.uasset" 203
"../../../../../../Users/MetalCat/Documents/Unreal Projects/USCPCB/Content/Customized_Soldier/Textures/Head_Humanoid/T_Head_H_Albedo.uasset" 204
"../../../../../../Users/MetalCat/Documents/Unreal Projects/USCPCB/Content/Customized_Soldier/Textures/Head_Humanoid/T_Head_H_Ao.uasset" 205
"../../../../../../Users/MetalCat/Documents/Unreal Projects/USCPCB/Content/Customized_Soldier/Textures/Head_Humanoid/T_Head_H_Metallic.uasset" 206
"../../../../../../Users/MetalCat/Documents/Unreal Projects/USCPCB/Content/Customized_Soldier/Textures/Head_Humanoid/T_Head_H_Normals.uasset" 207
"../../../../../../Users/MetalCat/Documents/Unreal Projects/USCPCB/Content/Customized_Soldier/Materials/MAT_Heads_H.uasset" 208
"../../../../../../Users/MetalCat/Documents/Unreal Projects/USCPCB/Content/Customized_Soldier/Mesh/Full_Skeleton/SK_Body_6_PhysicsAsset.uasset" 209
"../../../Engine/Content/EngineMeshes/Humanoid.uasset" 210
"../../../../../../Users/MetalCat/Documents/Unreal Projects/USCPCB/Content/Customized_Soldier/Mesh/Full_Skeleton/SK_Body_6_Skeleton.uasset" 211
"../../../../../../Users/MetalCat/Documents/Unreal Projects/USCPCB/Content/Customized_Soldier/Mesh/Full_Skeleton/SK_Body_6.uasset" 212
"../../../../../../Users/MetalCat/Documents/Unreal Projects/USCPCB/Content/SFX/SCP/173/NeckSnap3.uasset" 213
"../../../../../../Users/MetalCat/Documents/Unreal Projects/USCPCB/Content/SFX/Step/Step_Cue.uasset" 214
"../../../../../../Users/MetalCat/Documents/Unreal Projects/USCPCB/Content/Blueprints/Player/BP_Player.uasset" 215
"../../../../../../Users/MetalCat/Documents/Unreal Projects/USCPCB/Content/Blueprints/SCPS/173/BB_Peanut.uasset" 216
"../../../../../../Users/MetalCat/Documents/Unreal Projects/USCPCB/Content/Blueprints/SCPS/CommonAI/BTD_CheckBool.uasset" 217
"../../../../../../Users/MetalCat/Documents/Unreal Projects/USCPCB/Content/Blueprints/SCPS/CoommonAI/BTD_CheckBool.uasset" 218
"../../../../../../Users/MetalCat/Documents/Unreal Projects/USCPCB/Content/Blueprints/SCPS/173/BT_Peanut.uasset" 219
"../../../../../../Users/MetalCat/Documents/Unreal Projects/USCPCB/Content/Blueprints/SCPS/173/I_AI.uasset" 220
"../../../../../../Users/MetalCat/Documents/Unreal Projects/USCPCB/Content/Blueprints/SCPS/173/BP_173Ai.uasset" 221
"../../../../../../Users/MetalCat/Documents/Unreal Projects/USCPCB/Content/GFX/npcs/173/173texture.uasset" 222
"../../../../../../Users/MetalCat/Documents/Unreal Projects/USCPCB/Content/GFX/npcs/173/173texture_bmp.uasset" 223
"../../../../../../Users/MetalCat/Documents/Unreal Projects/USCPCB/Content/GFX/npcs/173/animatescp173_PhysicsAsset.uasset" 224
"../../../../../../Users/MetalCat/Documents/Unreal Projects/USCPCB/Content/GFX/npcs/173/animatescp173_Skeleton.uasset" 225
"../../../../../../Users/MetalCat/Documents/Unreal Projects/USCPCB/Content/GFX/npcs/173/animatescp173.uasset" 226
"../../../../../../Users/MetalCat/Documents/Unreal Projects/USCPCB/Content/SFX/Attenuetion/Ambient_Generic.uasset" 227
"../../../../../../Users/MetalCat/Documents/Unreal Projects/USCPCB/Content/SFX/Horror/Horror10.uasset" 228
"../../../../../../Users/MetalCat/Documents/Unreal Projects/USCPCB/Content/SFX/SCP/173/StoneDrag.uasset" 229
"../../../../../../Users/MetalCat/Documents/Unreal Projects/USCPCB/Content/SFX/SCP/173/StoneDrag_Cue.uasset" 230
"../../../../../../Users/MetalCat/Documents/Unreal Projects/USCPCB/Content/Blueprints/SCPS/173/BP_173.uasset" 231
"../../../../../../Users/MetalCat/Documents/Unreal Projects/USCPCB/Content/Blueprints/Door/LS_Door.uasset" 232
"../../../../../../Users/MetalCat/Documents/Unreal Projects/USCPCB/Content/LuaCode/Door.uasset" 233
"../../../../../../Users/MetalCat/Documents/Unreal Projects/USCPCB/Content/Blueprints/Door/BP_DoorBase.uasset" 234
"../../../Engine/Content/Functions/Engine_MaterialFunctions01/ImageAdjustment/BlurSampleOffsets.uasset" 235
"../../../Engine/Content/EngineDebugMaterials/HeatmapGradient.uasset" 236
"../../../Engine/Content/Functions/Engine_MaterialFunctions01/ImageAdjustment/CheapContrast_RGB.uasset" 237
"../../../Engine/Content/Functions/Engine_MaterialFunctions02/HueShift.uasset" 238
"../../../Engine/Content/Functions/Engine_MaterialFunctions02/Texturing/ScreenAlignedPixelToPixelUVs.uasset" 239
"../../../Engine/Content/Functions/Engine_MaterialFunctions02/Utility/BlendAngleCorrectedNormals.uasset" 240
"../../../Engine/Content/EngineMaterials/Good64x64TilingNoiseHighFreq.uasset" 241
"../../../Engine/Content/Functions/Engine_MaterialFunctions02/Utility/DitherTemporalAA.uasset" 242
"../../../../../../Users/MetalCat/Documents/Unreal Projects/USCPCB/Content/ScienceLab/Textures/BaseTextures/T_B_N.uasset" 243
"../../../../../../Users/MetalCat/Documents/Unreal Projects/USCPCB/Content/ScienceLab/Textures/BaseTextures/T_BB_D.uasset" 244
"../../../../../../Users/MetalCat/Documents/Unreal Projects/USCPCB/Content/ScienceLab/Textures/BaseTextures/T_BG_D.uasset" 245
"../../../../../../Users/MetalCat/Documents/Unreal Projects/USCPCB/Content/ScienceLab/Textures/BaseTextures/T_MASK1.uasset" 246
"../../../../../../Users/MetalCat/Documents/Unreal Projects/USCPCB/Content/ScienceLab/Textures/BaseTextures/T_MASK2.uasset" 247
"../../../../../../Users/MetalCat/Documents/Unreal Projects/USCPCB/Content/ScienceLab/Materials/BaseMaterial/M_base.uasset" 248
"../../../../../../Users/MetalCat/Documents/Unreal Projects/USCPCB/Content/ScienceLab/Textures/Rooms/Doors/T_LabDoors01_D.uasset" 249
"../../../../../../Users/MetalCat/Documents/Unreal Projects/USCPCB/Content/ScienceLab/Textures/Rooms/Doors/T_LabDoors01_N.uasset" 250
"../../../../../../Users/MetalCat/Documents/Unreal Projects/USCPCB/Content/ScienceLab/Textures/Rooms/Doors/T_LabDoors01_SRM.uasset" 251
"../../../../../../Users/MetalCat/Documents/Unreal Projects/USCPCB/Content/ScienceLab/Materials/Rooms/Doors/MI_LabDoors01.uasset" 252
"../../../../../../Users/MetalCat/Documents/Unreal Projects/USCPCB/Content/ScienceLab/Meshes/Rooms/Doors/SM_LabDoor01.uasset" 253
"../../../../../../Users/MetalCat/Documents/Unreal Projects/USCPCB/Content/ScienceLab/Meshes/Rooms/Doors/SM_LabDoorjamb01.uasset" 254
"../../../../../../Users/MetalCat/Documents/Unreal Projects/USCPCB/Content/Blueprints/Door/BP_SlidingDoor.uasset" 255
"../../../../../../Users/MetalCat/Documents/Unreal Projects/USCPCB/Content/Blueprints/PickupableObject/BP_PickableObject.uasset" 256
"../../../../../../Users/MetalCat/Documents/Unreal Projects/USCPCB/Content/scp-keycards/SCP_Keycards/Level_1_Back_jpg_specular.uasset" 257
"../../../../../../Users/MetalCat/Documents/Unreal Projects/USCPCB/Content/scp-keycards/SCP_Keycards/Level_2.uasset" 258
"../../../../../../Users/MetalCat/Documents/Unreal Projects/USCPCB/Content/scp-keycards/SCP_Keycards/01_-_Default.uasset" 259
"../../../../../../Users/MetalCat/Documents/Unreal Projects/USCPCB/Content/scp-keycards/SCP_Keycards/Card_Back_jpg_specular.uasset" 260
"../../../../../../Users/MetalCat/Documents/Unreal Projects/USCPCB/Content/scp-keycards/SCP_Keycards/Level_2_Back.uasset" 261
"../../../../../../Users/MetalCat/Documents/Unreal Projects/USCPCB/Content/scp-keycards/SCP_Keycards/02_-_Default.uasset" 262
"../../../../../../Users/MetalCat/Documents/Unreal Projects/USCPCB/Content/scp-keycards/SCP_Keycards/Level_1.uasset" 263
"../../../../../../Users/MetalCat/Documents/Unreal Projects/USCPCB/Content/scp-keycards/textures/Level_1_jpg_specular.uasset" 264
"../../../../../../Users/MetalCat/Documents/Unreal Projects/USCPCB/Content/scp-keycards/SCP_Keycards/03_-_Default.uasset" 265
"../../../../../../Users/MetalCat/Documents/Unreal Projects/USCPCB/Content/scp-keycards/SCP_Keycards/Level_1_Back.uasset" 266
"../../../../../../Users/MetalCat/Documents/Unreal Projects/USCPCB/Content/scp-keycards/SCP_Keycards/07_-_Default.uasset" 267
"../../../../../../Users/MetalCat/Documents/Unreal Projects/USCPCB/Content/scp-keycards/SCP_Keycards/Level_3.uasset" 268
"../../../../../../Users/MetalCat/Documents/Unreal Projects/USCPCB/Content/scp-keycards/SCP_Keycards/Level_3_jpg_specular.uasset" 269
"../../../../../../Users/MetalCat/Documents/Unreal Projects/USCPCB/Content/scp-keycards/SCP_Keycards/08_-_Default.uasset" 270
"../../../../../../Users/MetalCat/Documents/Unreal Projects/USCPCB/Content/scp-keycards/SCP_Keycards/Level_3_Back.uasset" 271
"../../../../../../Users/MetalCat/Documents/Unreal Projects/USCPCB/Content/scp-keycards/SCP_Keycards/09_-_Default.uasset" 272
"../../../../../../Users/MetalCat/Documents/Unreal Projects/USCPCB/Content/scp-keycards/SCP_Keycards/Level_4.uasset" 273
"../../../../../../Users/MetalCat/Documents/Unreal Projects/USCPCB/Content/scp-keycards/SCP_Keycards/Level_4_jpg_specular.uasset" 274
"../../../../../../Users/MetalCat/Documents/Unreal Projects/USCPCB/Content/scp-keycards/SCP_Keycards/13_-_Default.uasset" 275
"../../../../../../Users/MetalCat/Documents/Unreal Projects/USCPCB/Content/scp-keycards/SCP_Keycards/Level_4_Back.uasset" 276
"../../../../../../Users/MetalCat/Documents/Unreal Projects/USCPCB/Content/scp-keycards/SCP_Keycards/14_-_Default.uasset" 277
"../../../../../../Users/MetalCat/Documents/Unreal Projects/USCPCB/Content/scp-keycards/SCP_Keycards/Level_5.uasset" 278
"../../../../../../Users/MetalCat/Documents/Unreal Projects/USCPCB/Content/scp-keycards/SCP_Keycards/Level_5_jpg_specular.uasset" 279
"../../../../../../Users/MetalCat/Documents/Unreal Projects/USCPCB/Content/scp-keycards/SCP_Keycards/15_-_Default.uasset" 280
"../../../../../../Users/MetalCat/Documents/Unreal Projects/USCPCB/Content/scp-keycards/SCP_Keycards/Level_5_Back.uasset" 281
"../../../../../../Users/MetalCat/Documents/Unreal Projects/USCPCB/Content/scp-keycards/SCP_Keycards/19_-_Default.uasset" 282
"../../../../../../Users/MetalCat/Documents/Unreal Projects/USCPCB/Content/scp-keycards/SCP_Keycards/SCP_Keycards_Level2.uasset" 283
"../../../../../../Users/MetalCat/Documents/Unreal Projects/USCPCB/Content/SFX/Interact/PickItem1.uasset" 284
"../../../../../../Users/MetalCat/Documents/Unreal Projects/USCPCB/Content/Blueprints/PickupableObject/BP_KeyCard.uasset" 285
"../../../../../../Users/MetalCat/Documents/Unreal Projects/USCPCB/Content/FirstPerson/Textures/FirstPersonCrosshair.uasset" 286
"../../../../../../Users/MetalCat/Documents/Unreal Projects/USCPCB/Content/Blueprints/Player/FirstPersonHUD.uasset" 287
"../../../../../../Users/MetalCat/Documents/Unreal Projects/USCPCB/Content/Blueprints/Player/FirstPersonGameMode.uasset" 288
"../../../../../../Users/MetalCat/Documents/Unreal Projects/USCPCB/Content/Blueprints/SCPS/173/BP_173Teleporter.uasset" 289
"../../../../../../Users/MetalCat/Documents/Unreal Projects/USCPCB/Content/FirstPersonBP/Maps/FirstPersonExampleMap_BuiltData.uasset" 290
"../../../Engine/Content/Functions/Engine_MaterialFunctions03/Procedurals/ComputeFilterWidth.uasset" 291
"../../../Engine/Content/EngineMaterials/AntiAliasedTextMaterialTranslucent.uasset" 292
"../../../../../../Users/MetalCat/Documents/Unreal Projects/USCPCB/Content/FirstPerson/Meshes/BaseMaterial.uasset" 293
"../../../../../../Users/MetalCat/Documents/Unreal Projects/USCPCB/Content/FirstPerson/Meshes/CubeMaterialOverride.uasset" 294
"../../../Engine/Content/Functions/Engine_MaterialFunctions01/Texturing/FlattenNormal.uasset" 295
"../../../Engine/Content/EngineMaterials/BlendFunc_DefBase.uasset" 296
"../../../Engine/Content/EngineMaterials/BlendFunc_DefBlend.uasset" 297
"../../../Engine/Content/Functions/Engine_MaterialFunctions03/Blends/Blend_Overlay.uasset" 298
"../../../Engine/Content/EngineVolumetrics/Fogsheet/Materials/T_EV_BlankWhite_01.uasset" 299
"../../../../../../Users/MetalCat/Documents/Unreal Projects/USCPCB/Content/MSPresets/MSTextures/Albedo.uasset" 300
"../../../../../../Users/MetalCat/Documents/Unreal Projects/USCPCB/Content/MSPresets/MSTextures/Normal.uasset" 301
"../../../../../../Users/MetalCat/Documents/Unreal Projects/USCPCB/Content/MSPresets/MSTextures/Roughness.uasset" 302
"../../../../../../Users/MetalCat/Documents/Unreal Projects/USCPCB/Content/MSPresets/MS_DefaultMaterial/MS_DefaultMaterial.uasset" 303
"../../../../../../Users/MetalCat/Documents/Unreal Projects/USCPCB/Content/Megascans/Surfaces/Concrete_Wall_2x2_M_00/uflmfixs_2K_Albedo.uasset" 304
"../../../../../../Users/MetalCat/Documents/Unreal Projects/USCPCB/Content/Megascans/Surfaces/Concrete_Wall_2x2_M_00/uflmfixs_2K_Normal.uasset" 305
"../../../../../../Users/MetalCat/Documents/Unreal Projects/USCPCB/Content/Megascans/Surfaces/Concrete_Wall_2x2_M_00/uflmfixs_2K_Roughness.uasset" 306
"../../../../../../Users/MetalCat/Documents/Unreal Projects/USCPCB/Content/Megascans/Surfaces/Concrete_Wall_2x2_M_00/Concrete_Wall_2x2_M_00_inst.uasset" 307
"../../../../../../Users/MetalCat/Documents/Unreal Projects/USCPCB/Content/Megascans/Surfaces/Soundproofed_Ceiling_00/sl4qlkd_2K_Albedo.uasset" 308
"../../../../../../Users/MetalCat/Documents/Unreal Projects/USCPCB/Content/Megascans/Surfaces/Soundproofed_Ceiling_00/sl4qlkd_2K_Normal.uasset" 309
"../../../../../../Users/MetalCat/Documents/Unreal Projects/USCPCB/Content/Megascans/Surfaces/Soundproofed_Ceiling_00/sl4qlkd_2K_Roughness.uasset" 310
"../../../../../../Users/MetalCat/Documents/Unreal Projects/USCPCB/Content/Megascans/Surfaces/Soundproofed_Ceiling_00/Soundproofed_Ceiling_00_inst.uasset" 311
"../../../../../../Users/MetalCat/Documents/Unreal Projects/USCPCB/Content/Geometry/Meshes/CubeMaterial.uasset" 312
"../../../../../../Users/MetalCat/Documents/Unreal Projects/USCPCB/Content/Geometry/Meshes/1M_Cube.uasset" 313
"../../../../../../Users/MetalCat/Documents/Unreal Projects/USCPCB/Content/Meshes/SM_DoorWay.uasset" 314
"../../../../../../Users/MetalCat/Documents/Unreal Projects/USCPCB/Content/ScienceLab/Textures/OfficeProps/T_BulletinBoard_D.uasset" 315
"../../../../../../Users/MetalCat/Documents/Unreal Projects/USCPCB/Content/ScienceLab/Textures/OfficeProps/T_BulletinBoard_N.uasset" 316
"../../../../../../Users/MetalCat/Documents/Unreal Projects/USCPCB/Content/ScienceLab/Textures/OfficeProps/T_BulletinBoard_SRM.uasset" 317
"../../../../../../Users/MetalCat/Documents/Unreal Projects/USCPCB/Content/ScienceLab/Materials/OfficeProps/MI_BulletinBoard.uasset" 318
"../../../../../../Users/MetalCat/Documents/Unreal Projects/USCPCB/Content/ScienceLab/Meshes/OfficeProps/SM_FilingCabinets1.uasset" 319
"../../../../../../Users/MetalCat/Documents/Unreal Projects/USCPCB/Content/FirstPersonBP/Maps/FirstPersonExampleMap.umap" 320
"../../../Engine/Content/Maps/Entry_BuiltData.uasset" 321
"../../../Engine/Content/Maps/Entry.umap" 322
